<?xml version="1.0" encoding="UTF-8"?>
<!-- Generated by org.testng.reporters.JUnitReportReporter -->
<testsuite hostname="SaiNadh" failures="0" tests="1" name="com.swaglabs.tests.Add_To_CartTest" time="11.484" errors="0" timestamp="2025-10-27T16:32:01 IST" skipped="0">
  <testcase classname="com.swaglabs.tests.Add_To_CartTest" name="addToCart" time="11.484"/>
  <system-out/>
</testsuite> <!-- com.swaglabs.tests.Add_To_CartTest -->
