<?xml version="1.0" encoding="UTF-8"?>
<!-- Generated by org.testng.reporters.JUnitReportReporter -->
<testsuite hostname="SaiNadh" failures="0" tests="1" name="Add_To_CartTest" time="9.925" errors="0" timestamp="2025-10-27T16:18:20 IST" skipped="0">
  <testcase classname="Add_To_CartTest" name="addToCart" time="9.925"/>
  <system-out/>
</testsuite> <!-- Add_To_CartTest -->
